  pch.cpp
  AddStringHook.cpp
  BaseHook.cpp
  CallSWFFunctionHook.cpp
  HookManager.cpp
  RegisterAllSWFFunctionsHook.cpp
  RegisterSWFFunctionHook.cpp
  CustomFunctions.cpp
  SWFReturn.cpp
  Dispatcher.cpp
  SWFArgumentReader.cpp
  SWFReturnHelper.cpp
  Overrides.cpp
  Logger.cpp
  StringCache.cpp
  StringUtils.cpp
E:\Programming\CastleCrashersRemaster\ASI modding\ilVonBurzaAsiModding\HookCrashers\src\Util\StringUtils.cpp(51,53): warning C4101: 'e': unreferenced local variable
E:\Programming\CastleCrashersRemaster\ASI modding\ilVonBurzaAsiModding\HookCrashers\src\Util\StringUtils.cpp(54,49): warning C4101: 'e': unreferenced local variable
E:\Programming\CastleCrashersRemaster\ASI modding\ilVonBurzaAsiModding\HookCrashers\src\Util\StringUtils.cpp(88,42): warning C4101: 'e': unreferenced local variable
  dllmain.cpp
  stdafx.cpp
  Generating code
  105 of 5086 functions ( 2.1%) were compiled, the rest were copied from previous compilation.
    0 functions were new in current compilation
    366 functions had inline decision re-evaluated but remain unchanged
  Finished generating code
  HookCrashers.vcxproj -> E:\Programming\CastleCrashersRemaster\ASI modding\ilVonBurzaAsiModding\Release\HookCrashers.asi
  E:\Programming\CastleCrashersRemaster\ASI modding\ilVonBurzaAsiModding\Release\CustomLocalizations.asi
  E:\Programming\CastleCrashersRemaster\ASI modding\ilVonBurzaAsiModding\Release\CustomSave.asi
  E:\Programming\CastleCrashersRemaster\ASI modding\ilVonBurzaAsiModding\Release\HookCrashers.asi
          3 file(s) copied.
